<?xml version="1.0" encoding="UTF-8"?>
<!-- Generated by org.testng.reporters.JUnitReportReporter -->
<testsuite skipped="0" hostname="Atish-PC" name="com.Test1" tests="1" failures="0" timestamp="21 Jul 2019 13:55:23 GMT" time="14.170" errors="0">
  <testcase name="verifyLogin" time="14.170" classname="com.Test1"/>
</testsuite> <!-- com.Test1 -->
